<?xml version="1.0" encoding="UTF-8"?>
<!-- Generated by org.testng.reporters.JUnitReportReporter -->
<testsuite hostname="DESKTOP-LN74GU8" failures="0" tests="1" name="com.rmgyantra.CRUDoperationWithBDD.CreateResourcesTest" time="4.694" errors="0" timestamp="2022-02-25T12:11:35 IST" skipped="0">
  <testcase classname="com.rmgyantra.CRUDoperationWithBDD.CreateResourcesTest" name="createProjectTest" time="4.694"/>
  <system-out/>
</testsuite> <!-- com.rmgyantra.CRUDoperationWithBDD.CreateResourcesTest -->
