<?xml version="1.0" encoding="UTF-8"?>
<!-- Generated by org.testng.reporters.JUnitReportReporter -->
<testsuite hostname="DESKTOP-LN74GU8" failures="0" tests="10" name="com.rmgyantra.testcases.AddMultipleProjectsTest" time="5.233" errors="0" timestamp="2022-02-28T10:41:38 IST" skipped="0">
  <testcase classname="com.rmgyantra.testcases.AddMultipleProjectsTest" name="addMultipleProjectsTest" time="0.110"/>
  <system-out/>
  <testcase classname="com.rmgyantra.testcases.AddMultipleProjectsTest" name="addMultipleProjectsTest" time="0.219"/>
  <system-out/>
  <testcase classname="com.rmgyantra.testcases.AddMultipleProjectsTest" name="addMultipleProjectsTest" time="0.092"/>
  <system-out/>
  <testcase classname="com.rmgyantra.testcases.AddMultipleProjectsTest" name="addMultipleProjectsTest" time="0.084"/>
  <system-out/>
  <testcase classname="com.rmgyantra.testcases.AddMultipleProjectsTest" name="addMultipleProjectsTest" time="0.128"/>
  <system-out/>
  <testcase classname="com.rmgyantra.testcases.AddMultipleProjectsTest" name="addMultipleProjectsTest" time="0.134"/>
  <system-out/>
  <testcase classname="com.rmgyantra.testcases.AddMultipleProjectsTest" name="addMultipleProjectsTest" time="0.077"/>
  <system-out/>
  <testcase classname="com.rmgyantra.testcases.AddMultipleProjectsTest" name="addMultipleProjectsTest" time="0.091"/>
  <system-out/>
  <testcase classname="com.rmgyantra.testcases.AddMultipleProjectsTest" name="addMultipleProjectsTest" time="0.133"/>
  <system-out/>
  <testcase classname="com.rmgyantra.testcases.AddMultipleProjectsTest" name="addMultipleProjectsTest" time="4.165"/>
  <system-out/>
</testsuite> <!-- com.rmgyantra.testcases.AddMultipleProjectsTest -->
