<?xml version="1.0" encoding="UTF-8"?>
<!-- Generated by org.testng.reporters.JUnitReportReporter -->
<testsuite hostname="DESKTOP-LN74GU8" failures="0" tests="1" name="com.rmgyantra.authentication.ValidatingCreatedProjectInDatabaseTest" time="5.811" errors="0" timestamp="2022-03-01T19:46:25 IST" skipped="0">
  <testcase classname="com.rmgyantra.authentication.ValidatingCreatedProjectInDatabaseTest" name="validateProjectInDB" time="5.811"/>
  <system-out/>
</testsuite> <!-- com.rmgyantra.authentication.ValidatingCreatedProjectInDatabaseTest -->
