<?xml version="1.0" encoding="UTF-8"?>
<!-- Generated by org.testng.reporters.JUnitReportReporter -->
<testsuite hostname="DESKTOP-LN74GU8" failures="0" tests="1" name="com.rmgyantra.validation.ValidationWithHamcrestTest" time="4.763" errors="0" timestamp="2022-03-01T12:57:48 IST" skipped="0">
  <testcase classname="com.rmgyantra.validation.ValidationWithHamcrestTest" name="validationWithHamcrest" time="4.763"/>
  <system-out/>
</testsuite> <!-- com.rmgyantra.validation.ValidationWithHamcrestTest -->
