<?xml version="1.0" encoding="UTF-8"?>
<!-- Generated by org.testng.reporters.JUnitReportReporter -->
<testsuite hostname="DESKTOP-LN74GU8" failures="0" tests="1" name="com.rmgyantra.authentication.BearerTokenTest" time="5.749" errors="0" timestamp="2022-03-01T12:42:50 IST" skipped="0">
  <testcase classname="com.rmgyantra.authentication.BearerTokenTest" name="authentication" time="5.749"/>
  <system-out/>
</testsuite> <!-- com.rmgyantra.authentication.BearerTokenTest -->
