<?xml version="1.0" encoding="UTF-8"?>
<!-- Generated by org.testng.reporters.JUnitReportReporter -->
<testsuite hostname="DESKTOP-LN74GU8" failures="0" tests="1" name="com.rmgyantra.validation.DynamicResponseValidationTest" time="5.267" errors="0" timestamp="2022-02-28T13:02:20 IST" skipped="0">
  <testcase classname="com.rmgyantra.validation.DynamicResponseValidationTest" name="validateProjectName" time="5.267"/>
  <system-out/>
</testsuite> <!-- com.rmgyantra.validation.DynamicResponseValidationTest -->
