<?xml version="1.0" encoding="UTF-8"?>
<!-- Generated by org.testng.reporters.JUnitReportReporter -->
<testsuite hostname="DESKTOP-LN74GU8" failures="0" tests="1" name="com.rmgyantra.validation.ValidationTest" time="3.211" errors="0" timestamp="2022-02-28T12:44:45 IST" skipped="0">
  <testcase classname="com.rmgyantra.validation.ValidationTest" name="val" time="3.211"/>
  <system-out/>
</testsuite> <!-- com.rmgyantra.validation.ValidationTest -->
