<?xml version="1.0" encoding="UTF-8"?>
<!-- Generated by org.testng.reporters.JUnitReportReporter -->
<testsuite hostname="DESKTOP-LN74GU8" failures="0" tests="1" name="com.rmgyantra.DifferentWaysToPOSTREQ.PostRequestUsingJsonObjectTest" time="4.329" errors="0" timestamp="2022-02-25T15:55:20 IST" skipped="0">
  <testcase classname="com.rmgyantra.DifferentWaysToPOSTREQ.PostRequestUsingJsonObjectTest" name="createResourceUsingJsonObjectTes" time="4.329"/>
  <system-out/>
</testsuite> <!-- com.rmgyantra.DifferentWaysToPOSTREQ.PostRequestUsingJsonObjectTest -->
