<?xml version="1.0" encoding="UTF-8"?>
<!-- Generated by org.testng.reporters.JUnitReportReporter -->
<testsuite hostname="DESKTOP-LN74GU8" failures="0" tests="1" name="com.rmgyantra.CRUDoperationWithBDD.GetPResourcesTest" time="3.748" errors="0" timestamp="2022-03-17T22:23:00 IST" skipped="0">
  <testcase classname="com.rmgyantra.CRUDoperationWithBDD.GetPResourcesTest" name="getProjectTest" time="3.748"/>
  <system-out/>
</testsuite> <!-- com.rmgyantra.CRUDoperationWithBDD.GetPResourcesTest -->
