<?xml version="1.0" encoding="UTF-8"?>
<!-- Generated by org.testng.reporters.JUnitReportReporter -->
<testsuite hostname="DESKTOP-LN74GU8" failures="0" tests="1" name="com.rmgyantra.authentication.BasicAuthtest" time="3.845" errors="0" timestamp="2022-03-01T12:32:06 IST" skipped="0">
  <testcase classname="com.rmgyantra.authentication.BasicAuthtest" name="auth" time="3.845"/>
  <system-out/>
</testsuite> <!-- com.rmgyantra.authentication.BasicAuthtest -->
