<?xml version="1.0" encoding="UTF-8"?>
<!-- Generated by org.testng.reporters.JUnitReportReporter -->
<testsuite hostname="DESKTOP-LN74GU8" failures="0" tests="1" name="com.rmgyantra.crudoperation.GetAllTheProjectTest" time="3.436" errors="0" timestamp="2022-02-24T16:34:59 IST" skipped="0">
  <testcase classname="com.rmgyantra.crudoperation.GetAllTheProjectTest" name="getProjectTest" time="3.436"/>
  <system-out/>
</testsuite> <!-- com.rmgyantra.crudoperation.GetAllTheProjectTest -->
