<?xml version="1.0" encoding="UTF-8"?>
<!-- Generated by org.testng.reporters.JUnitReportReporter -->
<testsuite hostname="DESKTOP-LN74GU8" failures="0" tests="1" name="com.rmgyantra.testcases.AddSingleProjectTest" time="4.460" errors="0" timestamp="2022-02-28T10:50:05 IST" skipped="0">
  <testcase classname="com.rmgyantra.testcases.AddSingleProjectTest" name="createProjectWithoutStatus" time="4.460"/>
  <system-out/>
</testsuite> <!-- com.rmgyantra.testcases.AddSingleProjectTest -->
