<?xml version="1.0" encoding="UTF-8"?>
<!-- Generated by org.testng.reporters.JUnitReportReporter -->
<testsuite hostname="DESKTOP-LN74GU8" failures="0" tests="1" name="com.rmgyantra.crudoperation.DeleteProjectTest" time="3.605" errors="0" timestamp="2022-02-24T17:57:47 IST" skipped="0">
  <testcase classname="com.rmgyantra.crudoperation.DeleteProjectTest" name="deleteProjectTest" time="3.605"/>
  <system-out/>
</testsuite> <!-- com.rmgyantra.crudoperation.DeleteProjectTest -->
