<?xml version="1.0" encoding="UTF-8"?>
<!-- Generated by org.testng.reporters.JUnitReportReporter -->
<testsuite hostname="DESKTOP-LN74GU8" failures="0" tests="1" name="com.rmgyantra.requestchaining.RequestChaininWithGetReqTest" time="4.929" errors="0" timestamp="2022-02-28T17:55:41 IST" skipped="0">
  <testcase classname="com.rmgyantra.requestchaining.RequestChaininWithGetReqTest" name="requestChaining" time="4.929"/>
  <system-out/>
</testsuite> <!-- com.rmgyantra.requestchaining.RequestChaininWithGetReqTest -->
