<?xml version="1.0" encoding="UTF-8"?>
<!-- Generated by org.testng.reporters.JUnitReportReporter -->
<testsuite hostname="DESKTOP-LN74GU8" failures="0" tests="1" name="com.rmgyantra.creatingresorceUsingframework.CreateResourse" time="2.330" errors="0" timestamp="2022-03-18T10:21:19 IST" skipped="0">
  <testcase classname="com.rmgyantra.creatingresorceUsingframework.CreateResourse" name="getesource" time="2.330"/>
  <system-out/>
</testsuite> <!-- com.rmgyantra.creatingresorceUsingframework.CreateResourse -->
