<?xml version="1.0" encoding="UTF-8"?>
<!-- Generated by org.testng.reporters.JUnitReportReporter -->
<testsuite hostname="DESKTOP-LN74GU8" failures="0" tests="1" name="com.rmgyantra.authentication.AuthenticationTest" time="3.844" errors="0" timestamp="2022-03-01T12:48:36 IST" skipped="0">
  <testcase classname="com.rmgyantra.authentication.AuthenticationTest" name="digestiveAuth" time="3.844"/>
  <system-out/>
</testsuite> <!-- com.rmgyantra.authentication.AuthenticationTest -->
