<?xml version="1.0" encoding="UTF-8"?>
<!-- Generated by org.testng.reporters.JUnitReportReporter -->
<testsuite hostname="DESKTOP-LN74GU8" failures="0" tests="1" name="com.rmgyantra.crudoperation.UpdateProjectTest" time="4.172" errors="0" timestamp="2022-02-24T17:41:27 IST" skipped="0">
  <testcase classname="com.rmgyantra.crudoperation.UpdateProjectTest" name="updateProjectTest" time="4.172"/>
  <system-out/>
</testsuite> <!-- com.rmgyantra.crudoperation.UpdateProjectTest -->
