<?xml version="1.0" encoding="UTF-8"?>
<!-- Generated by org.testng.reporters.JUnitReportReporter -->
<testsuite hostname="DESKTOP-LN74GU8" failures="0" tests="1" name="com.rmgyantra.crudoperation.CreateProjectTest" time="4.469" errors="0" timestamp="2022-02-24T18:00:54 IST" skipped="0">
  <testcase classname="com.rmgyantra.crudoperation.CreateProjectTest" name="createProjectTest" time="4.469"/>
  <system-out/>
</testsuite> <!-- com.rmgyantra.crudoperation.CreateProjectTest -->
