<?xml version="1.0" encoding="UTF-8"?>
<!-- Generated by org.testng.reporters.JUnitReportReporter -->
<testsuite hostname="DESKTOP-LN74GU8" failures="0" tests="1" name="com.rmgyantra.requestchaining.CreateAndDeleteUsertest" time="5.704" errors="0" timestamp="2022-02-28T17:51:41 IST" skipped="0">
  <testcase classname="com.rmgyantra.requestchaining.CreateAndDeleteUsertest" name="createAndDelete" time="5.704"/>
  <system-out/>
</testsuite> <!-- com.rmgyantra.requestchaining.CreateAndDeleteUsertest -->
