<?xml version="1.0" encoding="UTF-8"?>
<!-- Generated by org.testng.reporters.JUnitReportReporter -->
<testsuite hostname="DESKTOP-LN74GU8" failures="0" tests="1" name="com.rmgyantra.authentication.Auth2OTest" time="6.013" errors="0" timestamp="2022-03-01T16:22:28 IST" skipped="0">
  <testcase classname="com.rmgyantra.authentication.Auth2OTest" name="authentication3" time="6.013"/>
  <system-out/>
</testsuite> <!-- com.rmgyantra.authentication.Auth2OTest -->
