<?xml version="1.0" encoding="UTF-8"?>
<!-- Generated by org.testng.reporters.JUnitReportReporter -->
<testsuite hostname="DESKTOP-LN74GU8" failures="0" tests="1" name="com.rmgyantra.DifferentWaysToPOSTREQ.PostRequestUsingJsonFileTest" time="3.647" errors="0" timestamp="2022-02-25T15:56:32 IST" skipped="0">
  <testcase classname="com.rmgyantra.DifferentWaysToPOSTREQ.PostRequestUsingJsonFileTest" name="createResourceUsingJsonFileTest" time="3.647"/>
  <system-out/>
</testsuite> <!-- com.rmgyantra.DifferentWaysToPOSTREQ.PostRequestUsingJsonFileTest -->
