<?xml version="1.0" encoding="UTF-8"?>
<!-- Generated by org.testng.reporters.JUnitReportReporter -->
<testsuite hostname="DESKTOP-LN74GU8" failures="0" tests="1" name="com.rmgyantra.testcases.GetAllProjectsTest" time="3.531" errors="0" timestamp="2022-02-27T20:26:10 IST" skipped="0">
  <testcase classname="com.rmgyantra.testcases.GetAllProjectsTest" name="getAllTheProjectIds" time="3.531"/>
  <system-out/>
</testsuite> <!-- com.rmgyantra.testcases.GetAllProjectsTest -->
