<?xml version="1.0" encoding="UTF-8"?>
<!-- Generated by org.testng.reporters.JUnitReportReporter -->
<testsuite hostname="DESKTOP-LN74GU8" failures="0" tests="1" name="com.rmgyantra.requestchaining.RequestChainingWithPostReqTest" time="5.423" errors="0" timestamp="2022-02-28T17:56:15 IST" skipped="0">
  <testcase classname="com.rmgyantra.requestchaining.RequestChainingWithPostReqTest" name="requestChaining" time="5.423"/>
  <system-out/>
</testsuite> <!-- com.rmgyantra.requestchaining.RequestChainingWithPostReqTest -->
