<?xml version="1.0" encoding="UTF-8"?>
<!-- Generated by org.testng.reporters.JUnitReportReporter -->
<testsuite hostname="DESKTOP-LN74GU8" failures="0" tests="1" name="com.rmgyantra.parameter.RequestChaininWithGetReqTest" time="4.962" errors="0" timestamp="2022-02-28T16:34:25 IST" skipped="0">
  <testcase classname="com.rmgyantra.parameter.RequestChaininWithGetReqTest" name="requestChaining" time="4.962"/>
  <system-out/>
</testsuite> <!-- com.rmgyantra.parameter.RequestChaininWithGetReqTest -->
