<?xml version="1.0" encoding="UTF-8"?>
<!-- Generated by org.testng.reporters.JUnitReportReporter -->
<testsuite hostname="DESKTOP-LN74GU8" failures="0" tests="1" name="com.rmgyantra.CRUDoperationWithBDD.UpdateResourcesTest" time="5.595" errors="0" timestamp="2022-02-25T12:26:39 IST" skipped="0">
  <testcase classname="com.rmgyantra.CRUDoperationWithBDD.UpdateResourcesTest" name="partialUpdation" time="5.595"/>
  <system-out/>
</testsuite> <!-- com.rmgyantra.CRUDoperationWithBDD.UpdateResourcesTest -->
