<?xml version="1.0" encoding="UTF-8"?>
<!-- Generated by org.testng.reporters.JUnitReportReporter -->
<testsuite hostname="DESKTOP-LN74GU8" failures="0" tests="1" name="com.rmgyantra.validation.StaticResponseValidationTest" time="4.783" errors="0" timestamp="2022-02-28T12:03:33 IST" skipped="0">
  <testcase classname="com.rmgyantra.validation.StaticResponseValidationTest" name="validateStaticResponseTest" time="4.783"/>
  <system-out/>
</testsuite> <!-- com.rmgyantra.validation.StaticResponseValidationTest -->
