<?xml version="1.0" encoding="UTF-8"?>
<!-- Generated by org.testng.reporters.JUnitReportReporter -->
<testsuite hostname="DESKTOP-LN74GU8" failures="0" tests="1" name="com.rmgyantra.parameter.PathParametrTest" time="3.479" errors="0" timestamp="2022-02-28T16:35:27 IST" skipped="0">
  <testcase classname="com.rmgyantra.parameter.PathParametrTest" name="pathPaaram" time="3.479"/>
  <system-out/>
</testsuite> <!-- com.rmgyantra.parameter.PathParametrTest -->
