<?xml version="1.0" encoding="UTF-8"?>
<!-- Generated by org.testng.reporters.JUnitReportReporter -->
<testsuite hostname="DESKTOP-LN74GU8" failures="0" tests="4" name="com.rmgyantra.datadriven.DataDrivenTest" time="4.808" errors="0" timestamp="2022-03-01T12:27:19 IST" skipped="0">
  <testcase classname="com.rmgyantra.datadriven.DataDrivenTest" name="dataProvoiderTest" time="4.404"/>
  <system-out/>
  <testcase classname="com.rmgyantra.datadriven.DataDrivenTest" name="dataProvoiderTest" time="0.114"/>
  <system-out/>
  <testcase classname="com.rmgyantra.datadriven.DataDrivenTest" name="dataProvoiderTest" time="0.103"/>
  <system-out/>
  <testcase classname="com.rmgyantra.datadriven.DataDrivenTest" name="dataProvoiderTest" time="0.187"/>
  <system-out/>
</testsuite> <!-- com.rmgyantra.datadriven.DataDrivenTest -->
