<?xml version="1.0" encoding="UTF-8"?>
<!-- Generated by org.testng.reporters.JUnitReportReporter -->
<testsuite hostname="DESKTOP-LN74GU8" failures="0" tests="1" name="com.rmgyantra.CRUDoperationWithBDD.DleteResourcesTest" time="3.546" errors="0" timestamp="2022-02-25T12:29:31 IST" skipped="0">
  <testcase classname="com.rmgyantra.CRUDoperationWithBDD.DleteResourcesTest" name="deleteProjectTest" time="3.546"/>
  <system-out/>
</testsuite> <!-- com.rmgyantra.CRUDoperationWithBDD.DleteResourcesTest -->
