<?xml version="1.0" encoding="UTF-8"?>
<!-- Generated by org.testng.reporters.JUnitReportReporter -->
<testsuite hostname="DESKTOP-LN74GU8" failures="0" tests="1" name="com.rmgyantra.parameter.ParameterTest" time="4.575" errors="0" timestamp="2022-02-28T16:31:17 IST" skipped="0">
  <testcase classname="com.rmgyantra.parameter.ParameterTest" name="parameters" time="4.575"/>
  <system-out/>
</testsuite> <!-- com.rmgyantra.parameter.ParameterTest -->
