<?xml version="1.0" encoding="UTF-8"?>
<!-- Generated by org.testng.reporters.JUnitReportReporter -->
<testsuite hostname="DESKTOP-LN74GU8" failures="0" tests="1" name="com.rmgyantra.testcases.ModifyProjectTest" time="4.278" errors="0" timestamp="2022-02-27T20:19:36 IST" skipped="0">
  <testcase classname="com.rmgyantra.testcases.ModifyProjectTest" name="modifyResourcesTest" time="4.278"/>
  <system-out/>
</testsuite> <!-- com.rmgyantra.testcases.ModifyProjectTest -->
