<?xml version="1.0" encoding="UTF-8"?>
<!-- Generated by org.testng.reporters.JUnitReportReporter -->
<testsuite hostname="DESKTOP-LN74GU8" failures="0" tests="1" name="com.rmgyantra.DifferentWaysToPOSTREQ.PostRequestUsingPojoClassTest" time="4.282" errors="0" timestamp="2022-02-25T16:04:33 IST" skipped="0">
  <testcase classname="com.rmgyantra.DifferentWaysToPOSTREQ.PostRequestUsingPojoClassTest" name="createResourceUsingPojoTest" time="4.282"/>
  <system-out/>
</testsuite> <!-- com.rmgyantra.DifferentWaysToPOSTREQ.PostRequestUsingPojoClassTest -->
